Determining if the pthread_create exist failed with the following output:
Change Dir: /home/jurousse/Travail/simol/build/CMakeFiles/CMakeTmp

Run Build Command:"/usr/bin/make" "cmTC_7af78/fast"
/usr/bin/make -f CMakeFiles/cmTC_7af78.dir/build.make CMakeFiles/cmTC_7af78.dir/build
make[1] : on entre dans le répertoire « /home/jurousse/Travail/simol/build/CMakeFiles/CMakeTmp »
Building C object CMakeFiles/cmTC_7af78.dir/CheckSymbolExists.c.o
/usr/bin/gcc     -o CMakeFiles/cmTC_7af78.dir/CheckSymbolExists.c.o   -c /home/jurousse/Travail/simol/build/CMakeFiles/CMakeTmp/CheckSymbolExists.c
Linking C executable cmTC_7af78
/usr/bin/cmake -E cmake_link_script CMakeFiles/cmTC_7af78.dir/link.txt --verbose=1
/usr/bin/gcc       CMakeFiles/cmTC_7af78.dir/CheckSymbolExists.c.o  -o cmTC_7af78 -rdynamic 
CMakeFiles/cmTC_7af78.dir/CheckSymbolExists.c.o : Dans la fonction « main » :
CheckSymbolExists.c:(.text+0x16) : référence indéfinie vers « pthread_create »
collect2: error: ld returned 1 exit status
CMakeFiles/cmTC_7af78.dir/build.make:97 : la recette pour la cible « cmTC_7af78 » a échouée
make[1]: *** [cmTC_7af78] Erreur 1
make[1] : on quitte le répertoire « /home/jurousse/Travail/simol/build/CMakeFiles/CMakeTmp »
Makefile:126 : la recette pour la cible « cmTC_7af78/fast » a échouée
make: *** [cmTC_7af78/fast] Erreur 2

File /home/jurousse/Travail/simol/build/CMakeFiles/CMakeTmp/CheckSymbolExists.c:
/* */
#include <pthread.h>

int main(int argc, char** argv)
{
  (void)argv;
#ifndef pthread_create
  return ((int*)(&pthread_create))[argc];
#else
  (void)argc;
  return 0;
#endif
}

Determining if the function pthread_create exists in the pthreads failed with the following output:
Change Dir: /home/jurousse/Travail/simol/build/CMakeFiles/CMakeTmp

Run Build Command:"/usr/bin/make" "cmTC_5dc6d/fast"
/usr/bin/make -f CMakeFiles/cmTC_5dc6d.dir/build.make CMakeFiles/cmTC_5dc6d.dir/build
make[1] : on entre dans le répertoire « /home/jurousse/Travail/simol/build/CMakeFiles/CMakeTmp »
Building C object CMakeFiles/cmTC_5dc6d.dir/CheckFunctionExists.c.o
/usr/bin/gcc    -DCHECK_FUNCTION_EXISTS=pthread_create   -o CMakeFiles/cmTC_5dc6d.dir/CheckFunctionExists.c.o   -c /usr/share/cmake-3.5/Modules/CheckFunctionExists.c
Linking C executable cmTC_5dc6d
/usr/bin/cmake -E cmake_link_script CMakeFiles/cmTC_5dc6d.dir/link.txt --verbose=1
/usr/bin/gcc   -DCHECK_FUNCTION_EXISTS=pthread_create    CMakeFiles/cmTC_5dc6d.dir/CheckFunctionExists.c.o  -o cmTC_5dc6d -rdynamic -lpthreads 
/usr/bin/ld : ne peut trouver -lpthreads
collect2: error: ld returned 1 exit status
CMakeFiles/cmTC_5dc6d.dir/build.make:97 : la recette pour la cible « cmTC_5dc6d » a échouée
make[1]: *** [cmTC_5dc6d] Erreur 1
make[1] : on quitte le répertoire « /home/jurousse/Travail/simol/build/CMakeFiles/CMakeTmp »
Makefile:126 : la recette pour la cible « cmTC_5dc6d/fast » a échouée
make: *** [cmTC_5dc6d/fast] Erreur 2


